# JRE version: OpenJDK Runtime Environment (11.0.3+12) (build 11.0.3+12-b304.10)
# Java VM: OpenJDK 64-Bit Server VM (11.0.3+12-b304.10, mixed mode, sharing, tiered, compressed oops, concurrent mark sweep gc, windows-amd64)
Heap:
 par new generation   total 39296K, used 6682K [0x00000000c1800000, 0x00000000c42a0000, 0x00000000d6550000)
  eden space 34944K,   6% used [0x00000000c1800000, 0x00000000c1a469f0, 0x00000000c3a20000)
  from space 4352K, 100% used [0x00000000c3e60000, 0x00000000c42a0000, 0x00000000c42a0000)
  to   space 4352K,   0% used [0x00000000c3a20000, 0x00000000c3a20000, 0x00000000c3e60000)
 concurrent mark-sweep generation total 480976K, used 278152K [0x00000000d6550000, 0x00000000f3b04000, 0x0000000100000000)
 Metaspace       used 268422K, capacity 277315K, committed 277648K, reserved 1292288K
  class space    used 31158K, capacity 34588K, committed 34660K, reserved 1048576K
GC Heap History (10 events):
Event: 35382.953 GC heap before
{Heap before GC invocations=4284 (full 27):
 par new generation   total 39296K, used 35392K [0x00000000c1800000, 0x00000000c42a0000, 0x00000000d6550000)
  eden space 34944K, 100% used [0x00000000c1800000, 0x00000000c3a20000, 0x00000000c3a20000)
  from space 4352K,  10% used [0x00000000c3a20000, 0x00000000c3a902f0, 0x00000000c3e60000)
  to   space 4352K,   0% used [0x00000000c3e60000, 0x00000000c3e60000, 0x00000000c42a0000)
 concurrent mark-sweep generation total 480976K, used 275682K [0x00000000d6550000, 0x00000000f3b04000, 0x0000000100000000)
 Metaspace       used 268009K, capacity 276854K, committed 277136K, reserved 1292288K
  class space    used 31115K, capacity 34546K, committed 34660K, reserved 1048576K
}
Event: 35382.970 GC heap after
{Heap after GC invocations=4285 (full 27):
 par new generation   total 39296K, used 473K [0x00000000c1800000, 0x00000000c42a0000, 0x00000000d6550000)
  eden space 34944K,   0% used [0x00000000c1800000, 0x00000000c1800000, 0x00000000c3a20000)
  from space 4352K,  10% used [0x00000000c3e60000, 0x00000000c3ed6610, 0x00000000c42a0000)
  to   space 4352K,   0% used [0x00000000c3a20000, 0x00000000c3a20000, 0x00000000c3e60000)
 concurrent mark-sweep generation total 480976K, used 275786K [0x00000000d6550000, 0x00000000f3b04000, 0x0000000100000000)
 Metaspace       used 268009K, capacity 276854K, committed 277136K, reserved 1292288K
  class space    used 31115K, capacity 34546K, committed 34660K, reserved 1048576K
}
Event: 35391.924 GC heap before
{Heap before GC invocations=4285 (full 27):
 par new generation   total 39296K, used 35349K [0x00000000c1800000, 0x00000000c42a0000, 0x00000000d6550000)
  eden space 34944K,  99% used [0x00000000c1800000, 0x00000000c3a0ef88, 0x00000000c3a20000)
  from space 4352K,  10% used [0x00000000c3e60000, 0x00000000c3ed6610, 0x00000000c42a0000)
  to   space 4352K,   0% used [0x00000000c3a20000, 0x00000000c3a20000, 0x00000000c3e60000)
 concurrent mark-sweep generation total 480976K, used 275786K [0x00000000d6550000, 0x00000000f3b04000, 0x0000000100000000)
 Metaspace       used 268009K, capacity 276854K, committed 277136K, reserved 1292288K
  class space    used 31115K, capacity 34546K, committed 34660K, reserved 1048576K
}
Event: 35391.932 GC heap after
{Heap after GC invocations=4286 (full 27):
 par new generation   total 39296K, used 1434K [0x00000000c1800000, 0x00000000c42a0000, 0x00000000d6550000)
  eden space 34944K,   0% used [0x00000000c1800000, 0x00000000c1800000, 0x00000000c3a20000)
  from space 4352K,  32% used [0x00000000c3a20000, 0x00000000c3b86ad0, 0x00000000c3e60000)
  to   space 4352K,   0% used [0x00000000c3e60000, 0x00000000c3e60000, 0x00000000c42a0000)
 concurrent mark-sweep generation total 480976K, used 275820K [0x00000000d6550000, 0x00000000f3b04000, 0x0000000100000000)
 Metaspace       used 268009K, capacity 276854K, committed 277136K, reserved 1292288K
  class space    used 31115K, capacity 34546K, committed 34660K, reserved 1048576K
}
Event: 35497.580 GC heap before
{Heap before GC invocations=4286 (full 27):
 par new generation   total 39296K, used 36378K [0x00000000c1800000, 0x00000000c42a0000, 0x00000000d6550000)
  eden space 34944K, 100% used [0x00000000c1800000, 0x00000000c3a20000, 0x00000000c3a20000)
  from space 4352K,  32% used [0x00000000c3a20000, 0x00000000c3b86ad0, 0x00000000c3e60000)
  to   space 4352K,   0% used [0x00000000c3e60000, 0x00000000c3e60000, 0x00000000c42a0000)
 concurrent mark-sweep generation total 480976K, used 275820K [0x00000000d6550000, 0x00000000f3b04000, 0x0000000100000000)
 Metaspace       used 268012K, capacity 276854K, committed 277136K, reserved 1292288K
  class space    used 31115K, capacity 34546K, committed 34660K, reserved 1048576K
}
Event: 35497.591 GC heap after
{Heap after GC invocations=4287 (full 27):
 par new generation   total 39296K, used 1146K [0x00000000c1800000, 0x00000000c42a0000, 0x00000000d6550000)
  eden space 34944K,   0% used [0x00000000c1800000, 0x00000000c1800000, 0x00000000c3a20000)
  from space 4352K,  26% used [0x00000000c3e60000, 0x00000000c3f7e8c0, 0x00000000c42a0000)
  to   space 4352K,   0% used [0x00000000c3a20000, 0x00000000c3a20000, 0x00000000c3e60000)
 concurrent mark-sweep generation total 480976K, used 275870K [0x00000000d6550000, 0x00000000f3b04000, 0x0000000100000000)
 Metaspace       used 268012K, capacity 276854K, committed 277136K, reserved 1292288K
  class space    used 31115K, capacity 34546K, committed 34660K, reserved 1048576K
}
Event: 38695.395 GC heap before
{Heap before GC invocations=4287 (full 27):
 par new generation   total 39296K, used 36090K [0x00000000c1800000, 0x00000000c42a0000, 0x00000000d6550000)
  eden space 34944K,  99% used [0x00000000c1800000, 0x00000000c3a1ff90, 0x00000000c3a20000)
  from space 4352K,  26% used [0x00000000c3e60000, 0x00000000c3f7e8c0, 0x00000000c42a0000)
  to   space 4352K,   0% used [0x00000000c3a20000, 0x00000000c3a20000, 0x00000000c3e60000)
 concurrent mark-sweep generation total 480976K, used 275870K [0x00000000d6550000, 0x00000000f3b04000, 0x0000000100000000)
 Metaspace       used 268023K, capacity 276866K, committed 277136K, reserved 1292288K
  class space    used 31116K, capacity 34548K, committed 34660K, reserved 1048576K
}
Event: 38695.614 GC heap after
{Heap after GC invocations=4288 (full 27):
 par new generation   total 39296K, used 1366K [0x00000000c1800000, 0x00000000c42a0000, 0x00000000d6550000)
  eden space 34944K,   0% used [0x00000000c1800000, 0x00000000c1800000, 0x00000000c3a20000)
  from space 4352K,  31% used [0x00000000c3a20000, 0x00000000c3b758e8, 0x00000000c3e60000)
  to   space 4352K,   0% used [0x00000000c3e60000, 0x00000000c3e60000, 0x00000000c42a0000)
 concurrent mark-sweep generation total 480976K, used 275903K [0x00000000d6550000, 0x00000000f3b04000, 0x0000000100000000)
 Metaspace       used 268023K, capacity 276866K, committed 277136K, reserved 1292288K
  class space    used 31116K, capacity 34548K, committed 34660K, reserved 1048576K
}
Event: 40187.036 GC heap before
{Heap before GC invocations=4288 (full 27):
 par new generation   total 39296K, used 36310K [0x00000000c1800000, 0x00000000c42a0000, 0x00000000d6550000)
  eden space 34944K, 100% used [0x00000000c1800000, 0x00000000c3a20000, 0x00000000c3a20000)
  from space 4352K,  31% used [0x00000000c3a20000, 0x00000000c3b758e8, 0x00000000c3e60000)
  to   space 4352K,   0% used [0x00000000c3e60000, 0x00000000c3e60000, 0x00000000c42a0000)
 concurrent mark-sweep generation total 480976K, used 275903K [0x00000000d6550000, 0x00000000f3b04000, 0x0000000100000000)
 Metaspace       used 268358K, capacity 277213K, committed 277392K, reserved 1292288K
  class space    used 31144K, capacity 34554K, committed 34660K, reserved 1048576K
}
Event: 40187.366 GC heap after
{Heap after GC invocations=4289 (full 27):
 par new generation   total 39296K, used 4352K [0x00000000c1800000, 0x00000000c42a0000, 0x00000000d6550000)
  eden space 34944K,   0% used [0x00000000c1800000, 0x00000000c1800000, 0x00000000c3a20000)
  from space 4352K, 100% used [0x00000000c3e60000, 0x00000000c42a0000, 0x00000000c42a0000)
  to   space 4352K,   0% used [0x00000000c3a20000, 0x00000000c3a20000, 0x00000000c3e60000)
 concurrent mark-sweep generation total 480976K, used 278152K [0x00000000d6550000, 0x00000000f3b04000, 0x0000000100000000)
 Metaspace       used 268358K, capacity 277213K, committed 277392K, reserved 1292288K
  class space    used 31144K, capacity 34554K, committed 34660K, reserved 1048576K
}

